{"contracts/NftMarketPlace.sol":{"l":{"55":13,"56":13,"57":1,"59":12,"63":9,"64":9,"65":3,"67":6,"75":17,"76":17,"77":17,"78":3,"80":14,"113":11,"114":0,"119":11,"120":11,"121":1,"123":10,"124":10,"136":1,"137":1,"163":3,"164":3,"165":1,"167":2,"174":2,"175":2,"176":2,"196":1,"197":0,"199":1,"200":1,"207":2,"208":2,"209":1,"211":1,"212":1,"213":1,"224":3,"228":2},"path":"/Users/macbookpro/Desktop/BC_js_hardhat/NFT_Market_Place/contracts/NftMarketPlace.sol","s":{"1":13,"2":13,"3":9,"4":9,"5":17,"6":17,"7":17,"8":11,"9":11,"10":11,"11":10,"12":1,"13":3,"14":3,"15":2,"16":2,"17":1,"18":1,"19":2,"20":2,"21":1,"22":1,"23":3,"24":2},"b":{"1":[1,12],"2":[3,6],"3":[3,14],"4":[12,1],"5":[11,1],"6":[0,11],"7":[1,10],"8":[2,1],"9":[1,1],"10":[3,1],"11":[3,0],"12":[1,2],"13":[2,1],"14":[2,0],"15":[1,1],"16":[0,1],"17":[1,1],"18":[1,0]},"f":{"1":13,"2":9,"3":17,"4":11,"5":1,"6":3,"7":1,"8":2,"9":3,"10":2},"fnMap":{"1":{"name":"notListed","line":54,"loc":{"start":{"line":54,"column":4},"end":{"line":60,"column":4}}},"2":{"name":"isListed","line":62,"loc":{"start":{"line":62,"column":4},"end":{"line":68,"column":4}}},"3":{"name":"isOwner","line":70,"loc":{"start":{"line":70,"column":4},"end":{"line":81,"column":4}}},"4":{"name":"listItem","line":112,"loc":{"start":{"line":108,"column":4},"end":{"line":125,"column":4}}},"5":{"name":"cancelListing","line":135,"loc":{"start":{"line":132,"column":4},"end":{"line":138,"column":4}}},"6":{"name":"buyItem","line":156,"loc":{"start":{"line":148,"column":4},"end":{"line":177,"column":4}}},"7":{"name":"updateListing","line":193,"loc":{"start":{"line":185,"column":4},"end":{"line":201,"column":4}}},"8":{"name":"withdrawProceeds","line":206,"loc":{"start":{"line":206,"column":4},"end":{"line":214,"column":4}}},"9":{"name":"getListing","line":220,"loc":{"start":{"line":220,"column":4},"end":{"line":225,"column":4}}},"10":{"name":"getProceeds","line":227,"loc":{"start":{"line":227,"column":4},"end":{"line":229,"column":4}}}},"statementMap":{"1":{"start":{"line":55,"column":8},"end":{"line":55,"column":64}},"2":{"start":{"line":56,"column":8},"end":{"line":56,"column":1982}},"3":{"start":{"line":63,"column":8},"end":{"line":63,"column":64}},"4":{"start":{"line":64,"column":8},"end":{"line":64,"column":2297}},"5":{"start":{"line":75,"column":8},"end":{"line":75,"column":41}},"6":{"start":{"line":76,"column":8},"end":{"line":76,"column":44}},"7":{"start":{"line":77,"column":8},"end":{"line":77,"column":2626}},"8":{"start":{"line":113,"column":8},"end":{"line":113,"column":3622}},"9":{"start":{"line":119,"column":8},"end":{"line":119,"column":41}},"10":{"start":{"line":120,"column":8},"end":{"line":120,"column":3988}},"11":{"start":{"line":124,"column":8},"end":{"line":124,"column":63}},"12":{"start":{"line":137,"column":8},"end":{"line":137,"column":58}},"13":{"start":{"line":163,"column":8},"end":{"line":163,"column":67}},"14":{"start":{"line":164,"column":8},"end":{"line":164,"column":5687}},"15":{"start":{"line":175,"column":8},"end":{"line":175,"column":83}},"16":{"start":{"line":176,"column":8},"end":{"line":176,"column":74}},"17":{"start":{"line":196,"column":8},"end":{"line":196,"column":7050}},"18":{"start":{"line":200,"column":8},"end":{"line":200,"column":66}},"19":{"start":{"line":207,"column":8},"end":{"line":207,"column":49}},"20":{"start":{"line":208,"column":8},"end":{"line":208,"column":7432}},"21":{"start":{"line":212,"column":8},"end":{"line":212,"column":72}},"22":{"start":{"line":213,"column":8},"end":{"line":213,"column":42}},"23":{"start":{"line":224,"column":8},"end":{"line":224,"column":46}},"24":{"start":{"line":228,"column":8},"end":{"line":228,"column":33}}},"branchMap":{"1":{"line":56,"type":"if","locations":[{"start":{"line":56,"column":8},"end":{"line":56,"column":8}},{"start":{"line":56,"column":8},"end":{"line":56,"column":8}}]},"2":{"line":64,"type":"if","locations":[{"start":{"line":64,"column":8},"end":{"line":64,"column":8}},{"start":{"line":64,"column":8},"end":{"line":64,"column":8}}]},"3":{"line":77,"type":"if","locations":[{"start":{"line":77,"column":8},"end":{"line":77,"column":8}},{"start":{"line":77,"column":8},"end":{"line":77,"column":8}}]},"4":{"line":112,"type":"if","locations":[{"start":{"line":112,"column":15},"end":{"line":112,"column":15}},{"start":{"line":112,"column":15},"end":{"line":112,"column":15}}]},"5":{"line":112,"type":"if","locations":[{"start":{"line":112,"column":46},"end":{"line":112,"column":46}},{"start":{"line":112,"column":46},"end":{"line":112,"column":46}}]},"6":{"line":113,"type":"if","locations":[{"start":{"line":113,"column":8},"end":{"line":113,"column":8}},{"start":{"line":113,"column":8},"end":{"line":113,"column":8}}]},"7":{"line":120,"type":"if","locations":[{"start":{"line":120,"column":8},"end":{"line":120,"column":8}},{"start":{"line":120,"column":8},"end":{"line":120,"column":8}}]},"8":{"line":135,"type":"if","locations":[{"start":{"line":135,"column":15},"end":{"line":135,"column":15}},{"start":{"line":135,"column":15},"end":{"line":135,"column":15}}]},"9":{"line":135,"type":"if","locations":[{"start":{"line":135,"column":56},"end":{"line":135,"column":56}},{"start":{"line":135,"column":56},"end":{"line":135,"column":56}}]},"10":{"line":154,"type":"if","locations":[{"start":{"line":154,"column":8},"end":{"line":154,"column":8}},{"start":{"line":154,"column":8},"end":{"line":154,"column":8}}]},"11":{"line":156,"type":"if","locations":[{"start":{"line":156,"column":8},"end":{"line":156,"column":8}},{"start":{"line":156,"column":8},"end":{"line":156,"column":8}}]},"12":{"line":164,"type":"if","locations":[{"start":{"line":164,"column":8},"end":{"line":164,"column":8}},{"start":{"line":164,"column":8},"end":{"line":164,"column":8}}]},"13":{"line":191,"type":"if","locations":[{"start":{"line":191,"column":8},"end":{"line":191,"column":8}},{"start":{"line":191,"column":8},"end":{"line":191,"column":8}}]},"14":{"line":192,"type":"if","locations":[{"start":{"line":192,"column":8},"end":{"line":192,"column":8}},{"start":{"line":192,"column":8},"end":{"line":192,"column":8}}]},"15":{"line":193,"type":"if","locations":[{"start":{"line":193,"column":8},"end":{"line":193,"column":8}},{"start":{"line":193,"column":8},"end":{"line":193,"column":8}}]},"16":{"line":196,"type":"if","locations":[{"start":{"line":196,"column":8},"end":{"line":196,"column":8}},{"start":{"line":196,"column":8},"end":{"line":196,"column":8}}]},"17":{"line":208,"type":"if","locations":[{"start":{"line":208,"column":8},"end":{"line":208,"column":8}},{"start":{"line":208,"column":8},"end":{"line":208,"column":8}}]},"18":{"line":213,"type":"if","locations":[{"start":{"line":213,"column":8},"end":{"line":213,"column":8}},{"start":{"line":213,"column":8},"end":{"line":213,"column":8}}]}}},"contracts/subdir/ReentrantVulnerable.sol":{"l":{"37":0,"45":0,"46":0,"48":0,"49":0,"51":0,"57":0,"65":0,"72":0,"73":0,"79":0,"80":0,"81":0,"86":0},"path":"/Users/macbookpro/Desktop/BC_js_hardhat/NFT_Market_Place/contracts/subdir/ReentrantVulnerable.sol","s":{"1":0,"2":0,"3":0,"4":0,"5":0,"6":0,"7":0,"8":0,"9":0,"10":0,"11":0},"b":{"1":[0,0],"2":[0,0],"3":[0,0],"4":[0,0]},"f":{"1":0,"2":0,"3":0,"4":0,"5":0,"6":0,"7":0},"fnMap":{"1":{"name":"deposit","line":36,"loc":{"start":{"line":36,"column":4},"end":{"line":38,"column":4}}},"2":{"name":"withdraw","line":42,"loc":{"start":{"line":42,"column":4},"end":{"line":53,"column":4}}},"3":{"name":"getBalance","line":56,"loc":{"start":{"line":56,"column":4},"end":{"line":58,"column":4}}},"4":{"name":"constructor","line":64,"loc":{"start":{"line":64,"column":4},"end":{"line":66,"column":4}}},"5":{"name":null,"line":71,"loc":{"start":{"line":71,"column":4},"end":{"line":75,"column":4}}},"6":{"name":"attack","line":78,"loc":{"start":{"line":78,"column":4},"end":{"line":82,"column":4}}},"7":{"name":"getBalance","line":85,"loc":{"start":{"line":85,"column":4},"end":{"line":87,"column":4}}}},"statementMap":{"1":{"start":{"line":45,"column":8},"end":{"line":45,"column":42}},"2":{"start":{"line":46,"column":8},"end":{"line":46,"column":23}},"3":{"start":{"line":48,"column":8},"end":{"line":48,"column":55}},"4":{"start":{"line":49,"column":8},"end":{"line":49,"column":44}},"5":{"start":{"line":57,"column":8},"end":{"line":57,"column":36}},"6":{"start":{"line":72,"column":8},"end":{"line":72,"column":2673}},"7":{"start":{"line":73,"column":12},"end":{"line":73,"column":41}},"8":{"start":{"line":79,"column":8},"end":{"line":79,"column":36}},"9":{"start":{"line":80,"column":8},"end":{"line":80,"column":52}},"10":{"start":{"line":81,"column":8},"end":{"line":81,"column":37}},"11":{"start":{"line":86,"column":8},"end":{"line":86,"column":36}}},"branchMap":{"1":{"line":46,"type":"if","locations":[{"start":{"line":46,"column":8},"end":{"line":46,"column":8}},{"start":{"line":46,"column":8},"end":{"line":46,"column":8}}]},"2":{"line":49,"type":"if","locations":[{"start":{"line":49,"column":8},"end":{"line":49,"column":8}},{"start":{"line":49,"column":8},"end":{"line":49,"column":8}}]},"3":{"line":72,"type":"if","locations":[{"start":{"line":72,"column":8},"end":{"line":72,"column":8}},{"start":{"line":72,"column":8},"end":{"line":72,"column":8}}]},"4":{"line":79,"type":"if","locations":[{"start":{"line":79,"column":8},"end":{"line":79,"column":8}},{"start":{"line":79,"column":8},"end":{"line":79,"column":8}}]}}},"contracts/test/BasicNft.sol":{"l":{"14":3,"18":15,"19":15,"20":15,"24":0,"25":0,"29":0},"path":"/Users/macbookpro/Desktop/BC_js_hardhat/NFT_Market_Place/contracts/test/BasicNft.sol","s":{"1":15,"2":15,"3":0,"4":0,"5":0},"b":{"1":[0,0]},"f":{"1":3,"2":15,"3":0,"4":0},"fnMap":{"1":{"name":"constructor","line":13,"loc":{"start":{"line":13,"column":4},"end":{"line":15,"column":4}}},"2":{"name":"mintNft","line":17,"loc":{"start":{"line":17,"column":4},"end":{"line":21,"column":4}}},"3":{"name":"tokenURI","line":23,"loc":{"start":{"line":23,"column":4},"end":{"line":26,"column":4}}},"4":{"name":"getTokenCounter","line":28,"loc":{"start":{"line":28,"column":4},"end":{"line":30,"column":4}}}},"statementMap":{"1":{"start":{"line":18,"column":8},"end":{"line":18,"column":44}},"2":{"start":{"line":19,"column":8},"end":{"line":19,"column":38}},"3":{"start":{"line":24,"column":8},"end":{"line":24,"column":83}},"4":{"start":{"line":25,"column":8},"end":{"line":25,"column":24}},"5":{"start":{"line":29,"column":8},"end":{"line":29,"column":29}}},"branchMap":{"1":{"line":24,"type":"if","locations":[{"start":{"line":24,"column":8},"end":{"line":24,"column":8}},{"start":{"line":24,"column":8},"end":{"line":24,"column":8}}]}}},"contracts/test/BasicNftTwo.sol":{"l":{},"path":"/Users/macbookpro/Desktop/BC_js_hardhat/NFT_Market_Place/contracts/test/BasicNftTwo.sol","s":{},"b":{},"f":{},"fnMap":{},"statementMap":{},"branchMap":{}}}